###########################################################
####               ICTC Regression Report              ####
###########################################################
Total testcase run: 622
Passed            : 622
Failed            : 0
Unknown           : 0
Used time         : 1h 20m 16s
-----------------------------------------------------------
Run log detail:
log/access_rsvd_927633.log: => Passed
log/baudrate_mismatch_307973.log: => Passed
log/data_bits_mismatch_339808.log: => Passed
log/full_115200_5_even_1_634410.log: => Passed
log/full_115200_5_even_2_979324.log: => Passed
log/full_115200_5_no_1_350364.log: => Passed
log/full_115200_5_no_2_634837.log: => Passed
log/full_115200_5_odd_1_604048.log: => Passed
log/full_115200_5_odd_2_985878.log: => Passed
log/full_115200_6_even_1_809046.log: => Passed
log/full_115200_6_even_2_407086.log: => Passed
log/full_115200_6_no_1_871828.log: => Passed
log/full_115200_6_no_2_229107.log: => Passed
log/full_115200_6_odd_1_188196.log: => Passed
log/full_115200_6_odd_2_751079.log: => Passed
log/full_115200_7_even_1_412926.log: => Passed
log/full_115200_7_even_2_478422.log: => Passed
log/full_115200_7_no_1_248822.log: => Passed
log/full_115200_7_no_2_464025.log: => Passed
log/full_115200_7_odd_1_649397.log: => Passed
log/full_115200_7_odd_2_517616.log: => Passed
log/full_115200_8_even_1_179225.log: => Passed
log/full_115200_8_even_2_781241.log: => Passed
log/full_115200_8_no_1_696089.log: => Passed
log/full_115200_8_no_2_528150.log: => Passed
log/full_115200_8_odd_1_264777.log: => Passed
log/full_115200_8_odd_2_712855.log: => Passed
log/full_19200_5_even_1_175281.log: => Passed
log/full_19200_5_even_2_413172.log: => Passed
log/full_19200_5_no_1_909298.log: => Passed
log/full_19200_5_no_2_933545.log: => Passed
log/full_19200_5_odd_1_996318.log: => Passed
log/full_19200_5_odd_2_114698.log: => Passed
log/full_19200_6_even_1_598112.log: => Passed
log/full_19200_6_even_2_395813.log: => Passed
log/full_19200_6_no_1_700381.log: => Passed
log/full_19200_6_no_2_366776.log: => Passed
log/full_19200_6_odd_1_234986.log: => Passed
log/full_19200_6_odd_2_684168.log: => Passed
log/full_19200_7_even_1_925008.log: => Passed
log/full_19200_7_even_2_795922.log: => Passed
log/full_19200_7_no_1_498396.log: => Passed
log/full_19200_7_no_2_287252.log: => Passed
log/full_19200_7_odd_1_135307.log: => Passed
log/full_19200_7_odd_2_833025.log: => Passed
log/full_19200_8_even_1_392815.log: => Passed
log/full_19200_8_even_2_329523.log: => Passed
log/full_19200_8_no_1_654942.log: => Passed
log/full_19200_8_no_2_525181.log: => Passed
log/full_19200_8_odd_1_936938.log: => Passed
log/full_19200_8_odd_2_299510.log: => Passed
log/full_230400_5_even_1_761086.log: => Passed
log/full_230400_5_even_2_715334.log: => Passed
log/full_230400_5_no_1_544417.log: => Passed
log/full_230400_5_no_2_697578.log: => Passed
log/full_230400_5_odd_1_782044.log: => Passed
log/full_230400_5_odd_2_681923.log: => Passed
log/full_230400_6_even_1_973591.log: => Passed
log/full_230400_6_even_2_882608.log: => Passed
log/full_230400_6_no_1_698522.log: => Passed
log/full_230400_6_no_2_547080.log: => Passed
log/full_230400_6_odd_1_307773.log: => Passed
log/full_230400_6_odd_2_270936.log: => Passed
log/full_230400_7_even_1_747247.log: => Passed
log/full_230400_7_even_2_101309.log: => Passed
log/full_230400_7_no_1_249965.log: => Passed
log/full_230400_7_no_2_993556.log: => Passed
log/full_230400_7_odd_1_480040.log: => Passed
log/full_230400_7_odd_2_213120.log: => Passed
log/full_230400_8_even_1_474999.log: => Passed
log/full_230400_8_even_2_349819.log: => Passed
log/full_230400_8_no_1_726070.log: => Passed
log/full_230400_8_no_2_573117.log: => Passed
log/full_230400_8_odd_1_907748.log: => Passed
log/full_230400_8_odd_2_851712.log: => Passed
log/full_2400_5_even_1_998753.log: => Passed
log/full_2400_5_even_2_262766.log: => Passed
log/full_2400_5_no_1_376445.log: => Passed
log/full_2400_5_no_2_330243.log: => Passed
log/full_2400_5_odd_1_675842.log: => Passed
log/full_2400_5_odd_2_328206.log: => Passed
log/full_2400_6_even_1_261776.log: => Passed
log/full_2400_6_even_2_720394.log: => Passed
log/full_2400_6_no_1_234133.log: => Passed
log/full_2400_6_no_2_834842.log: => Passed
log/full_2400_6_odd_1_603425.log: => Passed
log/full_2400_6_odd_2_153930.log: => Passed
log/full_2400_7_even_1_899028.log: => Passed
log/full_2400_7_even_2_184024.log: => Passed
log/full_2400_7_no_1_666806.log: => Passed
log/full_2400_7_no_2_856206.log: => Passed
log/full_2400_7_odd_1_981863.log: => Passed
log/full_2400_7_odd_2_534079.log: => Passed
log/full_2400_8_even_1_711666.log: => Passed
log/full_2400_8_even_2_318323.log: => Passed
log/full_2400_8_no_1_696148.log: => Passed
log/full_2400_8_no_2_851991.log: => Passed
log/full_2400_8_odd_1_837812.log: => Passed
log/full_2400_8_odd_2_422663.log: => Passed
log/full_38400_5_even_1_928037.log: => Passed
log/full_38400_5_even_2_374743.log: => Passed
log/full_38400_5_no_1_809914.log: => Passed
log/full_38400_5_no_2_444953.log: => Passed
log/full_38400_5_odd_1_554835.log: => Passed
log/full_38400_5_odd_2_908649.log: => Passed
log/full_38400_6_even_1_159936.log: => Passed
log/full_38400_6_even_2_651395.log: => Passed
log/full_38400_6_no_1_119626.log: => Passed
log/full_38400_6_no_2_474204.log: => Passed
log/full_38400_6_odd_1_508028.log: => Passed
log/full_38400_6_odd_2_483797.log: => Passed
log/full_38400_7_even_1_784376.log: => Passed
log/full_38400_7_even_2_529800.log: => Passed
log/full_38400_7_no_1_742698.log: => Passed
log/full_38400_7_no_2_332719.log: => Passed
log/full_38400_7_odd_1_315702.log: => Passed
log/full_38400_7_odd_2_961934.log: => Passed
log/full_38400_8_even_1_829761.log: => Passed
log/full_38400_8_even_2_760706.log: => Passed
log/full_38400_8_no_1_720832.log: => Passed
log/full_38400_8_no_2_487457.log: => Passed
log/full_38400_8_odd_1_771022.log: => Passed
log/full_38400_8_odd_2_347720.log: => Passed
log/full_4800_5_even_1_537387.log: => Passed
log/full_4800_5_even_2_616048.log: => Passed
log/full_4800_5_no_1_587550.log: => Passed
log/full_4800_5_no_2_151338.log: => Passed
log/full_4800_5_odd_1_466113.log: => Passed
log/full_4800_5_odd_2_757709.log: => Passed
log/full_4800_6_even_1_177085.log: => Passed
log/full_4800_6_even_2_397394.log: => Passed
log/full_4800_6_no_1_770531.log: => Passed
log/full_4800_6_no_2_866593.log: => Passed
log/full_4800_6_odd_1_964733.log: => Passed
log/full_4800_6_odd_2_921875.log: => Passed
log/full_4800_7_even_1_165404.log: => Passed
log/full_4800_7_even_2_728229.log: => Passed
log/full_4800_7_no_1_982941.log: => Passed
log/full_4800_7_no_2_744786.log: => Passed
log/full_4800_7_odd_1_470574.log: => Passed
log/full_4800_7_odd_2_462238.log: => Passed
log/full_4800_8_even_1_598688.log: => Passed
log/full_4800_8_even_2_207170.log: => Passed
log/full_4800_8_no_1_402113.log: => Passed
log/full_4800_8_no_2_366890.log: => Passed
log/full_4800_8_odd_1_209540.log: => Passed
log/full_4800_8_odd_2_467758.log: => Passed
log/full_76800_5_even_1_799305.log: => Passed
log/full_76800_5_even_2_636143.log: => Passed
log/full_76800_5_no_1_724087.log: => Passed
log/full_76800_5_no_2_156764.log: => Passed
log/full_76800_5_odd_1_935121.log: => Passed
log/full_76800_5_odd_2_730431.log: => Passed
log/full_76800_6_even_1_517637.log: => Passed
log/full_76800_6_even_2_372718.log: => Passed
log/full_76800_6_no_1_316302.log: => Passed
log/full_76800_6_no_2_494804.log: => Passed
log/full_76800_6_odd_1_420892.log: => Passed
log/full_76800_6_odd_2_425388.log: => Passed
log/full_76800_7_even_1_880694.log: => Passed
log/full_76800_7_even_2_343128.log: => Passed
log/full_76800_7_no_1_941550.log: => Passed
log/full_76800_7_no_2_404955.log: => Passed
log/full_76800_7_odd_1_967110.log: => Passed
log/full_76800_7_odd_2_887487.log: => Passed
log/full_76800_8_even_1_904299.log: => Passed
log/full_76800_8_even_2_208981.log: => Passed
log/full_76800_8_no_1_757552.log: => Passed
log/full_76800_8_no_2_763762.log: => Passed
log/full_76800_8_odd_1_437707.log: => Passed
log/full_76800_8_odd_2_478324.log: => Passed
log/full_9600_5_even_1_162903.log: => Passed
log/full_9600_5_even_2_700899.log: => Passed
log/full_9600_5_no_1_767577.log: => Passed
log/full_9600_5_no_2_417202.log: => Passed
log/full_9600_5_odd_1_465926.log: => Passed
log/full_9600_5_odd_2_663470.log: => Passed
log/full_9600_6_even_1_459377.log: => Passed
log/full_9600_6_even_2_407169.log: => Passed
log/full_9600_6_no_1_611792.log: => Passed
log/full_9600_6_no_2_198609.log: => Passed
log/full_9600_6_odd_1_661955.log: => Passed
log/full_9600_6_odd_2_187028.log: => Passed
log/full_9600_7_even_1_167492.log: => Passed
log/full_9600_7_even_2_986552.log: => Passed
log/full_9600_7_no_1_872346.log: => Passed
log/full_9600_7_no_2_855533.log: => Passed
log/full_9600_7_odd_1_527683.log: => Passed
log/full_9600_7_odd_2_229118.log: => Passed
log/full_9600_8_even_1_368490.log: => Passed
log/full_9600_8_even_2_207596.log: => Passed
log/full_9600_8_no_1_131969.log: => Passed
log/full_9600_8_no_2_924141.log: => Passed
log/full_9600_8_odd_1_634402.log: => Passed
log/full_9600_8_odd_2_255028.log: => Passed
log/full_baudrate_reconfig_581905.log: => Passed
log/full_data_bits_reconfig_256658.log: => Passed
log/full_parity_reconfig_128554.log: => Passed
log/full_stop_bits_reconfig_549526.log: => Passed
log/parity_error_dis_250025.log: => Passed
log/parity_error_en_899860.log: => Passed
log/parity_error_w1c_162953.log: => Passed
log/parity_mismatch_935371.log: => Passed
log/rx_115200_5_even_1_817323.log: => Passed
log/rx_115200_5_even_2_463349.log: => Passed
log/rx_115200_5_no_1_188085.log: => Passed
log/rx_115200_5_no_2_161579.log: => Passed
log/rx_115200_5_odd_1_265521.log: => Passed
log/rx_115200_5_odd_2_652969.log: => Passed
log/rx_115200_6_even_1_672999.log: => Passed
log/rx_115200_6_even_2_832700.log: => Passed
log/rx_115200_6_no_1_172935.log: => Passed
log/rx_115200_6_no_2_543119.log: => Passed
log/rx_115200_6_odd_1_860414.log: => Passed
log/rx_115200_6_odd_2_768924.log: => Passed
log/rx_115200_7_even_1_776948.log: => Passed
log/rx_115200_7_even_2_805858.log: => Passed
log/rx_115200_7_no_1_299718.log: => Passed
log/rx_115200_7_no_2_510661.log: => Passed
log/rx_115200_7_odd_1_810871.log: => Passed
log/rx_115200_7_odd_2_781277.log: => Passed
log/rx_115200_8_even_1_625896.log: => Passed
log/rx_115200_8_even_2_440501.log: => Passed
log/rx_115200_8_no_1_523702.log: => Passed
log/rx_115200_8_no_2_807166.log: => Passed
log/rx_115200_8_odd_1_638363.log: => Passed
log/rx_115200_8_odd_2_469015.log: => Passed
log/rx_19200_5_even_1_774081.log: => Passed
log/rx_19200_5_even_2_331471.log: => Passed
log/rx_19200_5_no_1_883145.log: => Passed
log/rx_19200_5_no_2_239787.log: => Passed
log/rx_19200_5_odd_1_251268.log: => Passed
log/rx_19200_5_odd_2_887634.log: => Passed
log/rx_19200_6_even_1_460938.log: => Passed
log/rx_19200_6_even_2_869936.log: => Passed
log/rx_19200_6_no_1_581463.log: => Passed
log/rx_19200_6_no_2_822722.log: => Passed
log/rx_19200_6_odd_1_358052.log: => Passed
log/rx_19200_6_odd_2_945134.log: => Passed
log/rx_19200_7_even_1_851862.log: => Passed
log/rx_19200_7_even_2_994926.log: => Passed
log/rx_19200_7_no_1_173501.log: => Passed
log/rx_19200_7_no_2_337127.log: => Passed
log/rx_19200_7_odd_1_725309.log: => Passed
log/rx_19200_7_odd_2_702998.log: => Passed
log/rx_19200_8_even_1_613272.log: => Passed
log/rx_19200_8_even_2_924265.log: => Passed
log/rx_19200_8_no_1_256302.log: => Passed
log/rx_19200_8_no_2_186611.log: => Passed
log/rx_19200_8_odd_1_720994.log: => Passed
log/rx_19200_8_odd_2_977967.log: => Passed
log/rx_230400_5_even_1_958102.log: => Passed
log/rx_230400_5_even_2_830690.log: => Passed
log/rx_230400_5_no_1_908395.log: => Passed
log/rx_230400_5_no_2_127680.log: => Passed
log/rx_230400_5_odd_1_109001.log: => Passed
log/rx_230400_5_odd_2_512228.log: => Passed
log/rx_230400_6_even_1_959228.log: => Passed
log/rx_230400_6_even_2_281284.log: => Passed
log/rx_230400_6_no_1_328765.log: => Passed
log/rx_230400_6_no_2_981569.log: => Passed
log/rx_230400_6_odd_1_654100.log: => Passed
log/rx_230400_6_odd_2_581270.log: => Passed
log/rx_230400_7_even_1_783287.log: => Passed
log/rx_230400_7_even_2_608987.log: => Passed
log/rx_230400_7_no_1_620268.log: => Passed
log/rx_230400_7_no_2_147223.log: => Passed
log/rx_230400_7_odd_1_964829.log: => Passed
log/rx_230400_7_odd_2_498118.log: => Passed
log/rx_230400_8_even_1_925969.log: => Passed
log/rx_230400_8_even_2_222426.log: => Passed
log/rx_230400_8_no_1_215434.log: => Passed
log/rx_230400_8_no_2_102189.log: => Passed
log/rx_230400_8_odd_1_574640.log: => Passed
log/rx_230400_8_odd_2_788944.log: => Passed
log/rx_2400_5_even_1_333419.log: => Passed
log/rx_2400_5_even_2_123778.log: => Passed
log/rx_2400_5_no_1_796655.log: => Passed
log/rx_2400_5_no_2_912398.log: => Passed
log/rx_2400_5_odd_1_978120.log: => Passed
log/rx_2400_5_odd_2_580992.log: => Passed
log/rx_2400_6_even_1_369057.log: => Passed
log/rx_2400_6_even_2_463990.log: => Passed
log/rx_2400_6_no_1_379572.log: => Passed
log/rx_2400_6_no_2_616366.log: => Passed
log/rx_2400_6_odd_1_688095.log: => Passed
log/rx_2400_6_odd_2_161267.log: => Passed
log/rx_2400_7_even_1_213081.log: => Passed
log/rx_2400_7_even_2_736722.log: => Passed
log/rx_2400_7_no_1_331070.log: => Passed
log/rx_2400_7_no_2_234647.log: => Passed
log/rx_2400_7_odd_1_825628.log: => Passed
log/rx_2400_7_odd_2_570625.log: => Passed
log/rx_2400_8_even_1_263051.log: => Passed
log/rx_2400_8_even_2_648425.log: => Passed
log/rx_2400_8_no_1_465817.log: => Passed
log/rx_2400_8_no_2_999681.log: => Passed
log/rx_2400_8_odd_1_841935.log: => Passed
log/rx_2400_8_odd_2_538325.log: => Passed
log/rx_38400_5_even_1_787975.log: => Passed
log/rx_38400_5_even_2_459029.log: => Passed
log/rx_38400_5_no_1_551733.log: => Passed
log/rx_38400_5_no_2_955868.log: => Passed
log/rx_38400_5_odd_1_181236.log: => Passed
log/rx_38400_5_odd_2_653883.log: => Passed
log/rx_38400_6_even_1_299157.log: => Passed
log/rx_38400_6_even_2_172263.log: => Passed
log/rx_38400_6_no_1_775221.log: => Passed
log/rx_38400_6_no_2_757885.log: => Passed
log/rx_38400_6_odd_1_112318.log: => Passed
log/rx_38400_6_odd_2_582151.log: => Passed
log/rx_38400_7_even_1_565535.log: => Passed
log/rx_38400_7_even_2_777044.log: => Passed
log/rx_38400_7_no_1_920108.log: => Passed
log/rx_38400_7_no_2_617238.log: => Passed
log/rx_38400_7_odd_1_664073.log: => Passed
log/rx_38400_7_odd_2_939218.log: => Passed
log/rx_38400_8_even_1_942502.log: => Passed
log/rx_38400_8_even_2_117740.log: => Passed
log/rx_38400_8_no_1_142510.log: => Passed
log/rx_38400_8_no_2_152314.log: => Passed
log/rx_38400_8_odd_1_190142.log: => Passed
log/rx_38400_8_odd_2_755322.log: => Passed
log/rx_4800_5_even_1_898511.log: => Passed
log/rx_4800_5_even_2_557931.log: => Passed
log/rx_4800_5_no_1_852062.log: => Passed
log/rx_4800_5_no_2_144550.log: => Passed
log/rx_4800_5_odd_1_836663.log: => Passed
log/rx_4800_5_odd_2_421395.log: => Passed
log/rx_4800_6_even_1_783663.log: => Passed
log/rx_4800_6_even_2_699141.log: => Passed
log/rx_4800_6_no_1_759099.log: => Passed
log/rx_4800_6_no_2_580812.log: => Passed
log/rx_4800_6_odd_1_701386.log: => Passed
log/rx_4800_6_odd_2_822276.log: => Passed
log/rx_4800_7_even_1_807706.log: => Passed
log/rx_4800_7_even_2_444378.log: => Passed
log/rx_4800_7_no_1_119320.log: => Passed
log/rx_4800_7_no_2_214267.log: => Passed
log/rx_4800_7_odd_1_926205.log: => Passed
log/rx_4800_7_odd_2_424488.log: => Passed
log/rx_4800_8_even_1_941813.log: => Passed
log/rx_4800_8_even_2_740492.log: => Passed
log/rx_4800_8_no_1_333707.log: => Passed
log/rx_4800_8_no_2_683342.log: => Passed
log/rx_4800_8_odd_1_409615.log: => Passed
log/rx_4800_8_odd_2_467085.log: => Passed
log/rx_76800_5_even_1_579099.log: => Passed
log/rx_76800_5_even_2_895316.log: => Passed
log/rx_76800_5_no_1_533024.log: => Passed
log/rx_76800_5_no_2_799630.log: => Passed
log/rx_76800_5_odd_1_812265.log: => Passed
log/rx_76800_5_odd_2_398663.log: => Passed
log/rx_76800_6_even_1_464986.log: => Passed
log/rx_76800_6_even_2_832965.log: => Passed
log/rx_76800_6_no_1_752229.log: => Passed
log/rx_76800_6_no_2_466045.log: => Passed
log/rx_76800_6_odd_1_149839.log: => Passed
log/rx_76800_6_odd_2_818788.log: => Passed
log/rx_76800_7_even_1_102311.log: => Passed
log/rx_76800_7_even_2_294710.log: => Passed
log/rx_76800_7_no_1_244312.log: => Passed
log/rx_76800_7_no_2_342587.log: => Passed
log/rx_76800_7_odd_1_434172.log: => Passed
log/rx_76800_7_odd_2_277681.log: => Passed
log/rx_76800_8_even_1_229256.log: => Passed
log/rx_76800_8_even_2_346593.log: => Passed
log/rx_76800_8_no_1_299374.log: => Passed
log/rx_76800_8_no_2_994806.log: => Passed
log/rx_76800_8_odd_1_937192.log: => Passed
log/rx_76800_8_odd_2_826324.log: => Passed
log/rx_9600_5_even_1_320025.log: => Passed
log/rx_9600_5_even_2_488225.log: => Passed
log/rx_9600_5_no_1_978594.log: => Passed
log/rx_9600_5_no_2_609048.log: => Passed
log/rx_9600_5_odd_1_186111.log: => Passed
log/rx_9600_5_odd_2_832996.log: => Passed
log/rx_9600_6_even_1_667616.log: => Passed
log/rx_9600_6_even_2_708619.log: => Passed
log/rx_9600_6_no_1_778782.log: => Passed
log/rx_9600_6_no_2_778636.log: => Passed
log/rx_9600_6_odd_1_455576.log: => Passed
log/rx_9600_6_odd_2_556529.log: => Passed
log/rx_9600_7_even_1_157177.log: => Passed
log/rx_9600_7_even_2_958860.log: => Passed
log/rx_9600_7_no_1_723746.log: => Passed
log/rx_9600_7_no_2_179249.log: => Passed
log/rx_9600_7_odd_1_993787.log: => Passed
log/rx_9600_7_odd_2_714209.log: => Passed
log/rx_9600_8_even_1_245916.log: => Passed
log/rx_9600_8_even_2_786888.log: => Passed
log/rx_9600_8_no_1_739549.log: => Passed
log/rx_9600_8_no_2_522116.log: => Passed
log/rx_9600_8_odd_1_623909.log: => Passed
log/rx_9600_8_odd_2_613060.log: => Passed
log/rx_baudrate_reconfig_936314.log: => Passed
log/rx_data_bits_reconfig_490292.log: => Passed
log/rx_fifo_empty_dis_257891.log: => Passed
log/rx_fifo_empty_en_775023.log: => Passed
log/rx_fifo_full_dis_703373.log: => Passed
log/rx_fifo_full_en_258705.log: => Passed
log/rx_parity_reconfig_673278.log: => Passed
log/rx_stop_bits_reconfig_268803.log: => Passed
log/stop_bits_mismatch_369930.log: => Passed
log/tx_115200_5_even_1_304381.log: => Passed
log/tx_115200_5_even_2_424428.log: => Passed
log/tx_115200_5_no_1_846402.log: => Passed
log/tx_115200_5_no_2_125689.log: => Passed
log/tx_115200_5_odd_1_537465.log: => Passed
log/tx_115200_5_odd_2_144331.log: => Passed
log/tx_115200_6_even_1_494415.log: => Passed
log/tx_115200_6_even_2_698681.log: => Passed
log/tx_115200_6_no_1_729042.log: => Passed
log/tx_115200_6_no_2_131959.log: => Passed
log/tx_115200_6_odd_1_467558.log: => Passed
log/tx_115200_6_odd_2_910633.log: => Passed
log/tx_115200_7_even_1_230203.log: => Passed
log/tx_115200_7_even_2_516936.log: => Passed
log/tx_115200_7_no_1_262701.log: => Passed
log/tx_115200_7_no_2_492554.log: => Passed
log/tx_115200_7_odd_1_616464.log: => Passed
log/tx_115200_7_odd_2_769956.log: => Passed
log/tx_115200_8_even_1_805614.log: => Passed
log/tx_115200_8_even_2_755701.log: => Passed
log/tx_115200_8_no_1_325361.log: => Passed
log/tx_115200_8_no_2_538270.log: => Passed
log/tx_115200_8_odd_1_411185.log: => Passed
log/tx_115200_8_odd_2_130172.log: => Passed
log/tx_19200_5_even_1_421154.log: => Passed
log/tx_19200_5_even_2_927589.log: => Passed
log/tx_19200_5_no_1_341390.log: => Passed
log/tx_19200_5_no_2_407987.log: => Passed
log/tx_19200_5_odd_1_831110.log: => Passed
log/tx_19200_5_odd_2_540082.log: => Passed
log/tx_19200_6_even_1_280631.log: => Passed
log/tx_19200_6_even_2_363740.log: => Passed
log/tx_19200_6_no_1_173288.log: => Passed
log/tx_19200_6_no_2_488746.log: => Passed
log/tx_19200_6_odd_1_893798.log: => Passed
log/tx_19200_6_odd_2_396061.log: => Passed
log/tx_19200_7_even_1_457785.log: => Passed
log/tx_19200_7_even_2_571168.log: => Passed
log/tx_19200_7_no_1_321312.log: => Passed
log/tx_19200_7_no_2_952385.log: => Passed
log/tx_19200_7_odd_1_829643.log: => Passed
log/tx_19200_7_odd_2_324173.log: => Passed
log/tx_19200_8_even_1_314632.log: => Passed
log/tx_19200_8_even_2_579519.log: => Passed
log/tx_19200_8_no_1_699640.log: => Passed
log/tx_19200_8_no_2_538395.log: => Passed
log/tx_19200_8_odd_1_888155.log: => Passed
log/tx_19200_8_odd_2_971906.log: => Passed
log/tx_230400_5_even_1_820390.log: => Passed
log/tx_230400_5_even_2_300401.log: => Passed
log/tx_230400_5_no_1_865823.log: => Passed
log/tx_230400_5_no_2_801270.log: => Passed
log/tx_230400_5_odd_1_343903.log: => Passed
log/tx_230400_5_odd_2_593240.log: => Passed
log/tx_230400_6_even_1_118446.log: => Passed
log/tx_230400_6_even_2_986577.log: => Passed
log/tx_230400_6_no_1_299097.log: => Passed
log/tx_230400_6_no_2_694854.log: => Passed
log/tx_230400_6_odd_1_819458.log: => Passed
log/tx_230400_6_odd_2_403169.log: => Passed
log/tx_230400_7_even_1_794597.log: => Passed
log/tx_230400_7_even_2_635512.log: => Passed
log/tx_230400_7_no_1_556348.log: => Passed
log/tx_230400_7_no_2_389920.log: => Passed
log/tx_230400_7_odd_1_921979.log: => Passed
log/tx_230400_7_odd_2_166226.log: => Passed
log/tx_230400_8_even_1_295535.log: => Passed
log/tx_230400_8_even_2_405823.log: => Passed
log/tx_230400_8_no_1_617018.log: => Passed
log/tx_230400_8_no_2_100296.log: => Passed
log/tx_230400_8_odd_1_765945.log: => Passed
log/tx_230400_8_odd_2_109712.log: => Passed
log/tx_2400_5_even_1_891421.log: => Passed
log/tx_2400_5_even_2_187908.log: => Passed
log/tx_2400_5_no_1_372276.log: => Passed
log/tx_2400_5_no_2_514715.log: => Passed
log/tx_2400_5_odd_1_161422.log: => Passed
log/tx_2400_5_odd_2_805977.log: => Passed
log/tx_2400_6_even_1_942273.log: => Passed
log/tx_2400_6_even_2_678388.log: => Passed
log/tx_2400_6_no_1_756473.log: => Passed
log/tx_2400_6_no_2_516822.log: => Passed
log/tx_2400_6_odd_1_962127.log: => Passed
log/tx_2400_6_odd_2_409820.log: => Passed
log/tx_2400_7_even_1_820188.log: => Passed
log/tx_2400_7_even_2_431417.log: => Passed
log/tx_2400_7_no_1_432204.log: => Passed
log/tx_2400_7_no_2_676005.log: => Passed
log/tx_2400_7_odd_1_802848.log: => Passed
log/tx_2400_7_odd_2_369470.log: => Passed
log/tx_2400_8_even_1_440892.log: => Passed
log/tx_2400_8_even_2_250980.log: => Passed
log/tx_2400_8_no_1_133979.log: => Passed
log/tx_2400_8_no_2_675437.log: => Passed
log/tx_2400_8_odd_1_697284.log: => Passed
log/tx_2400_8_odd_2_871201.log: => Passed
log/tx_38400_5_even_1_367693.log: => Passed
log/tx_38400_5_even_2_285790.log: => Passed
log/tx_38400_5_no_1_792818.log: => Passed
log/tx_38400_5_no_2_473549.log: => Passed
log/tx_38400_5_odd_1_991216.log: => Passed
log/tx_38400_5_odd_2_663475.log: => Passed
log/tx_38400_6_even_1_965522.log: => Passed
log/tx_38400_6_even_2_913139.log: => Passed
log/tx_38400_6_no_1_778981.log: => Passed
log/tx_38400_6_no_2_727864.log: => Passed
log/tx_38400_6_odd_1_623696.log: => Passed
log/tx_38400_6_odd_2_771836.log: => Passed
log/tx_38400_7_even_1_406632.log: => Passed
log/tx_38400_7_even_2_673400.log: => Passed
log/tx_38400_7_no_1_528557.log: => Passed
log/tx_38400_7_no_2_761420.log: => Passed
log/tx_38400_7_odd_1_428526.log: => Passed
log/tx_38400_7_odd_2_625901.log: => Passed
log/tx_38400_8_even_1_342305.log: => Passed
log/tx_38400_8_even_2_993746.log: => Passed
log/tx_38400_8_no_1_794084.log: => Passed
log/tx_38400_8_no_2_867789.log: => Passed
log/tx_38400_8_odd_1_163057.log: => Passed
log/tx_38400_8_odd_2_874860.log: => Passed
log/tx_4800_5_even_1_367960.log: => Passed
log/tx_4800_5_even_2_159356.log: => Passed
log/tx_4800_5_no_1_903310.log: => Passed
log/tx_4800_5_no_2_504038.log: => Passed
log/tx_4800_5_odd_1_386727.log: => Passed
log/tx_4800_5_odd_2_641226.log: => Passed
log/tx_4800_6_even_1_699845.log: => Passed
log/tx_4800_6_even_2_753970.log: => Passed
log/tx_4800_6_no_1_118964.log: => Passed
log/tx_4800_6_no_2_534472.log: => Passed
log/tx_4800_6_odd_1_849548.log: => Passed
log/tx_4800_6_odd_2_126232.log: => Passed
log/tx_4800_7_even_1_589447.log: => Passed
log/tx_4800_7_even_2_870783.log: => Passed
log/tx_4800_7_no_1_149840.log: => Passed
log/tx_4800_7_no_2_760625.log: => Passed
log/tx_4800_7_odd_1_229374.log: => Passed
log/tx_4800_7_odd_2_843248.log: => Passed
log/tx_4800_8_even_1_993439.log: => Passed
log/tx_4800_8_even_2_491211.log: => Passed
log/tx_4800_8_no_1_972567.log: => Passed
log/tx_4800_8_no_2_502759.log: => Passed
log/tx_4800_8_odd_1_342098.log: => Passed
log/tx_4800_8_odd_2_543740.log: => Passed
log/tx_76800_5_even_1_251196.log: => Passed
log/tx_76800_5_even_2_934880.log: => Passed
log/tx_76800_5_no_1_407344.log: => Passed
log/tx_76800_5_no_2_865929.log: => Passed
log/tx_76800_5_odd_1_750459.log: => Passed
log/tx_76800_5_odd_2_129047.log: => Passed
log/tx_76800_6_even_1_319159.log: => Passed
log/tx_76800_6_even_2_769129.log: => Passed
log/tx_76800_6_no_1_291568.log: => Passed
log/tx_76800_6_no_2_113023.log: => Passed
log/tx_76800_6_odd_1_580068.log: => Passed
log/tx_76800_6_odd_2_425540.log: => Passed
log/tx_76800_7_even_1_960581.log: => Passed
log/tx_76800_7_even_2_889765.log: => Passed
log/tx_76800_7_no_1_607259.log: => Passed
log/tx_76800_7_no_2_426427.log: => Passed
log/tx_76800_7_odd_1_462064.log: => Passed
log/tx_76800_7_odd_2_628040.log: => Passed
log/tx_76800_8_even_1_343029.log: => Passed
log/tx_76800_8_even_2_417431.log: => Passed
log/tx_76800_8_no_1_801246.log: => Passed
log/tx_76800_8_no_2_794938.log: => Passed
log/tx_76800_8_odd_1_326067.log: => Passed
log/tx_76800_8_odd_2_849190.log: => Passed
log/tx_9600_5_even_1_182234.log: => Passed
log/tx_9600_5_even_2_916212.log: => Passed
log/tx_9600_5_no_1_354073.log: => Passed
log/tx_9600_5_no_2_784204.log: => Passed
log/tx_9600_5_odd_1_208114.log: => Passed
log/tx_9600_5_odd_2_513817.log: => Passed
log/tx_9600_6_even_1_883294.log: => Passed
log/tx_9600_6_even_2_134238.log: => Passed
log/tx_9600_6_no_1_716467.log: => Passed
log/tx_9600_6_no_2_779371.log: => Passed
log/tx_9600_6_odd_1_429596.log: => Passed
log/tx_9600_6_odd_2_890819.log: => Passed
log/tx_9600_7_even_1_502717.log: => Passed
log/tx_9600_7_even_2_210239.log: => Passed
log/tx_9600_7_no_1_871599.log: => Passed
log/tx_9600_7_no_2_478586.log: => Passed
log/tx_9600_7_odd_1_173176.log: => Passed
log/tx_9600_7_odd_2_397769.log: => Passed
log/tx_9600_8_even_1_502862.log: => Passed
log/tx_9600_8_even_2_843328.log: => Passed
log/tx_9600_8_no_1_239047.log: => Passed
log/tx_9600_8_no_2_650504.log: => Passed
log/tx_9600_8_odd_1_432866.log: => Passed
log/tx_9600_8_odd_2_602946.log: => Passed
log/tx_baudrate_reconfig_129344.log: => Passed
log/tx_data_bits_reconfig_200286.log: => Passed
log/tx_fifo_empty_dis_108694.log: => Passed
log/tx_fifo_empty_en_831890.log: => Passed
log/tx_fifo_full_dis_630293.log: => Passed
log/tx_fifo_full_en_210245.log: => Passed
log/tx_parity_reconfig_688176.log: => Passed
log/tx_stop_bits_reconfig_635945.log: => Passed
log/uart_reg_scan_test_907945.log: => Passed
log/write_tx_fifo_full_510241.log: => Passed
log/x13_115200_239330.log: => Passed
log/x13_19200_135141.log: => Passed
log/x13_230400_231677.log: => Passed
log/x13_2400_947349.log: => Passed
log/x13_38400_553745.log: => Passed
log/x13_4800_259035.log: => Passed
log/x13_76800_506312.log: => Passed
log/x13_9600_715478.log: => Passed
log/x16_115200_281623.log: => Passed
log/x16_19200_110561.log: => Passed
log/x16_230400_966185.log: => Passed
log/x16_2400_106910.log: => Passed
log/x16_38400_986923.log: => Passed
log/x16_4800_413624.log: => Passed
log/x16_76800_341413.log: => Passed
log/x16_9600_334430.log: => Passed
-----------------------------------------------------------
